{"total": {"lines":{"total":1058,"covered":970,"skipped":0,"pct":91.68},"statements":{"total":1216,"covered":1096,"skipped":0,"pct":90.13},"functions":{"total":288,"covered":271,"skipped":0,"pct":94.09},"branches":{"total":1063,"covered":822,"skipped":0,"pct":77.32},"branchesTrue":{"total":0,"covered":0,"skipped":0,"pct":100}}
,"/Users/Kamal_Syed/Projects/CTC-Mobile-Wishlist/.claude/worktrees/agent-a56092c9/services/productService.ts": {"lines":{"total":36,"covered":26,"skipped":0,"pct":72.22},"functions":{"total":9,"covered":9,"skipped":0,"pct":100},"statements":{"total":39,"covered":29,"skipped":0,"pct":74.35},"branches":{"total":24,"covered":24,"skipped":0,"pct":100}}
,"/Users/Kamal_Syed/Projects/CTC-Mobile-Wishlist/.claude/worktrees/agent-a56092c9/services/userService.ts": {"lines":{"total":35,"covered":25,"skipped":0,"pct":71.42},"functions":{"total":7,"covered":7,"skipped":0,"pct":100},"statements":{"total":40,"covered":30,"skipped":0,"pct":75},"branches":{"total":17,"covered":17,"skipped":0,"pct":100}}
,"/Users/Kamal_Syed/Projects/CTC-Mobile-Wishlist/.claude/worktrees/agent-a56092c9/services/wishlistService.ts": {"lines":{"total":111,"covered":106,"skipped":0,"pct":95.49},"functions":{"total":29,"covered":29,"skipped":0,"pct":100},"statements":{"total":129,"covered":124,"skipped":0,"pct":96.12},"branches":{"total":104,"covered":102,"skipped":0,"pct":98.07}}
,"/Users/Kamal_Syed/Projects/CTC-Mobile-Wishlist/.claude/worktrees/agent-a56092c9/tools/lib/budget.js": {"lines":{"total":80,"covered":62,"skipped":0,"pct":77.5},"functions":{"total":17,"covered":12,"skipped":0,"pct":70.58},"statements":{"total":93,"covered":69,"skipped":0,"pct":74.19},"branches":{"total":124,"covered":71,"skipped":0,"pct":57.25}}
,"/Users/Kamal_Syed/Projects/CTC-Mobile-Wishlist/.claude/worktrees/agent-a56092c9/tools/lib/compute-costs.js": {"lines":{"total":33,"covered":33,"skipped":0,"pct":100},"functions":{"total":3,"covered":3,"skipped":0,"pct":100},"statements":{"total":34,"covered":34,"skipped":0,"pct":100},"branches":{"total":12,"covered":12,"skipped":0,"pct":100}}
,"/Users/Kamal_Syed/Projects/CTC-Mobile-Wishlist/.claude/worktrees/agent-a56092c9/tools/lib/detect-at-risk.js": {"lines":{"total":13,"covered":13,"skipped":0,"pct":100},"functions":{"total":4,"covered":4,"skipped":0,"pct":100},"statements":{"total":15,"covered":15,"skipped":0,"pct":100},"branches":{"total":21,"covered":20,"skipped":0,"pct":95.23}}
,"/Users/Kamal_Syed/Projects/CTC-Mobile-Wishlist/.claude/worktrees/agent-a56092c9/tools/lib/historical-sim.js": {"lines":{"total":119,"covered":114,"skipped":0,"pct":95.79},"functions":{"total":22,"covered":22,"skipped":0,"pct":100},"statements":{"total":133,"covered":125,"skipped":0,"pct":93.98},"branches":{"total":111,"covered":76,"skipped":0,"pct":68.46}}
,"/Users/Kamal_Syed/Projects/CTC-Mobile-Wishlist/.claude/worktrees/agent-a56092c9/tools/lib/parse-bugs.js": {"lines":{"total":16,"covered":16,"skipped":0,"pct":100},"functions":{"total":2,"covered":2,"skipped":0,"pct":100},"statements":{"total":16,"covered":16,"skipped":0,"pct":100},"branches":{"total":8,"covered":8,"skipped":0,"pct":100}}
,"/Users/Kamal_Syed/Projects/CTC-Mobile-Wishlist/.claude/worktrees/agent-a56092c9/tools/lib/parse-cost-log.js": {"lines":{"total":24,"covered":24,"skipped":0,"pct":100},"functions":{"total":3,"covered":3,"skipped":0,"pct":100},"statements":{"total":25,"covered":25,"skipped":0,"pct":100},"branches":{"total":6,"covered":5,"skipped":0,"pct":83.33}}
,"/Users/Kamal_Syed/Projects/CTC-Mobile-Wishlist/.claude/worktrees/agent-a56092c9/tools/lib/parse-coverage.js": {"lines":{"total":13,"covered":12,"skipped":0,"pct":92.3},"functions":{"total":1,"covered":1,"skipped":0,"pct":100},"statements":{"total":15,"covered":13,"skipped":0,"pct":86.66},"branches":{"total":32,"covered":26,"skipped":0,"pct":81.25}}
,"/Users/Kamal_Syed/Projects/CTC-Mobile-Wishlist/.claude/worktrees/agent-a56092c9/tools/lib/parse-lessons.js": {"lines":{"total":17,"covered":17,"skipped":0,"pct":100},"functions":{"total":2,"covered":2,"skipped":0,"pct":100},"statements":{"total":18,"covered":18,"skipped":0,"pct":100},"branches":{"total":6,"covered":4,"skipped":0,"pct":66.66}}
,"/Users/Kamal_Syed/Projects/CTC-Mobile-Wishlist/.claude/worktrees/agent-a56092c9/tools/lib/parse-progress.js": {"lines":{"total":15,"covered":15,"skipped":0,"pct":100},"functions":{"total":1,"covered":1,"skipped":0,"pct":100},"statements":{"total":15,"covered":15,"skipped":0,"pct":100},"branches":{"total":5,"covered":5,"skipped":0,"pct":100}}
,"/Users/Kamal_Syed/Projects/CTC-Mobile-Wishlist/.claude/worktrees/agent-a56092c9/tools/lib/parse-release-plan.js": {"lines":{"total":65,"covered":65,"skipped":0,"pct":100},"functions":{"total":11,"covered":11,"skipped":0,"pct":100},"statements":{"total":72,"covered":67,"skipped":0,"pct":93.05},"branches":{"total":45,"covered":35,"skipped":0,"pct":77.77}}
,"/Users/Kamal_Syed/Projects/CTC-Mobile-Wishlist/.claude/worktrees/agent-a56092c9/tools/lib/parse-test-cases.js": {"lines":{"total":19,"covered":19,"skipped":0,"pct":100},"functions":{"total":3,"covered":3,"skipped":0,"pct":100},"statements":{"total":21,"covered":21,"skipped":0,"pct":100},"branches":{"total":10,"covered":10,"skipped":0,"pct":100}}
,"/Users/Kamal_Syed/Projects/CTC-Mobile-Wishlist/.claude/worktrees/agent-a56092c9/tools/lib/render-html.js": {"lines":{"total":377,"covered":339,"skipped":0,"pct":89.92},"functions":{"total":147,"covered":135,"skipped":0,"pct":91.83},"statements":{"total":454,"covered":400,"skipped":0,"pct":88.1},"branches":{"total":471,"covered":356,"skipped":0,"pct":75.58}}
,"/Users/Kamal_Syed/Projects/CTC-Mobile-Wishlist/.claude/worktrees/agent-a56092c9/tools/lib/snapshot.js": {"lines":{"total":79,"covered":78,"skipped":0,"pct":98.73},"functions":{"total":24,"covered":24,"skipped":0,"pct":100},"statements":{"total":91,"covered":89,"skipped":0,"pct":97.8},"branches":{"total":65,"covered":49,"skipped":0,"pct":75.38}}
,"/Users/Kamal_Syed/Projects/CTC-Mobile-Wishlist/.claude/worktrees/agent-a56092c9/utils/wishlistUtils.ts": {"lines":{"total":6,"covered":6,"skipped":0,"pct":100},"functions":{"total":3,"covered":3,"skipped":0,"pct":100},"statements":{"total":6,"covered":6,"skipped":0,"pct":100},"branches":{"total":2,"covered":2,"skipped":0,"pct":100}}
}
